<?xml version="1.0" encoding="UTF-8"?>
<testsuite xmlns:xsi="http://www.w3.org/2001/XMLSchema-instance" xsi:noNamespaceSchemaLocation="https://maven.apache.org/surefire/maven-surefire-plugin/xsd/surefire-test-report-3.0.xsd" version="3.0" name="ar.com.almacen_peliculas.notificaciones.data.repositories.DestinatarioRepositoryTest" time="8.058" tests="2" errors="0" skipped="0" failures="0">
  <properties>
[...]
</properties>
  <testcase name="guardarYBuscarPorIdDestinatario_retornaDestinatario" classname="ar.com.almacen_peliculas.notificaciones.data.repositories.DestinatarioRepositoryTest" time="0.686">
    <system-out><![CDATA[2026-07-22T21:25:14.322-03:00  INFO 25348 --- [notificaciones] [           main] t.c.s.AnnotationConfigContextLoaderUtils : Could not detect default configuration classes for test class [ar.com.almacen_peliculas.notificaciones.data.repositories.DestinatarioRepositoryTest]: DestinatarioRepositoryTest does not declare any static, non-private, non-final, nested classes annotated with @Configuration.
2026-07-22T21:25:14.421-03:00  INFO 25348 --- [notificaciones] [           main] .b.t.c.SpringBootTestContextBootstrapper : Found @SpringBootConfiguration ar.com.almacen_peliculas.notificaciones.NotificacionesApplication for test class ar.com.almacen_peliculas.notificaciones.data.repositories.DestinatarioRepositoryTest

  .   ____          _            __ _ _
 /\\ / ___'_ __ _ _(_)_ __  __ _ \ \ \ \
( ( )\___ | '_ | '_| | '_ \/ _` | \ \ \ \
 \\/  ___)| |_)| | | | | || (_| |  ) ) ) )
  '  |____| .__|_| |_|_| |_\__, | / / / /
 =========|_|==============|___/=/_/_/_/
 :: Spring Boot ::                (v3.2.5)

2026-07-22T21:25:14.545-03:00  INFO 25348 --- [notificaciones] [           main] a.c.a.n.d.r.DestinatarioRepositoryTest   : Starting DestinatarioRepositoryTest using Java 22.0.1 with PID 25348 (started by marce in C:\Users\marce\Desktop\workspace\alquiler de peliculas\notificaciones)
2026-07-22T21:25:14.545-03:00  INFO 25348 --- [notificaciones] [           main] a.c.a.n.d.r.DestinatarioRepositoryTest   : No active profile set, falling back to 1 default profile: "default"
2026-07-22T21:25:15.062-03:00  INFO 25348 --- [notificaciones] [           main] .s.d.r.c.RepositoryConfigurationDelegate : Bootstrapping Spring Data JPA repositories in DEFAULT mode.
2026-07-22T21:25:15.254-03:00  INFO 25348 --- [notificaciones] [           main] .s.d.r.c.RepositoryConfigurationDelegate : Finished Spring Data repository scanning in 173 ms. Found 1 JPA repository interface.
2026-07-22T21:25:15.452-03:00  INFO 25348 --- [notificaciones] [           main] beddedDataSourceBeanFactoryPostProcessor : Replacing 'dataSource' DataSource bean with embedded version
2026-07-22T21:25:15.715-03:00  INFO 25348 --- [notificaciones] [           main] o.s.j.d.e.EmbeddedDatabaseFactory        : Starting embedded database: url='jdbc:h2:mem:0d41ee59-2ed7-42d2-99f9-3f8c81d2d2d3;DB_CLOSE_DELAY=-1;DB_CLOSE_ON_EXIT=false', username='sa'
2026-07-22T21:25:16.999-03:00  INFO 25348 --- [notificaciones] [           main] o.hibernate.jpa.internal.util.LogHelper  : HHH000204: Processing PersistenceUnitInfo [name: default]
2026-07-22T21:25:17.260-03:00  INFO 25348 --- [notificaciones] [           main] org.hibernate.Version                    : HHH000412: Hibernate ORM core version 6.4.4.Final
2026-07-22T21:25:17.396-03:00  INFO 25348 --- [notificaciones] [           main] o.h.c.internal.RegionFactoryInitiator    : HHH000026: Second-level cache disabled
2026-07-22T21:25:17.878-03:00  INFO 25348 --- [notificaciones] [           main] o.s.o.j.p.SpringPersistenceUnitInfo      : No LoadTimeWeaver setup: ignoring JPA class transformer
2026-07-22T21:25:18.131-03:00  WARN 25348 --- [notificaciones] [           main] org.hibernate.orm.deprecation            : HHH90000025: H2Dialect does not need to be specified explicitly using 'hibernate.dialect' (remove the property setting and it will be selected by default)
2026-07-22T21:25:20.168-03:00  INFO 25348 --- [notificaciones] [           main] o.h.e.t.j.p.i.JtaPlatformInitiator       : HHH000489: No JTA platform available (set 'hibernate.transaction.jta.platform' to enable JTA platform integration)
Hibernate: create table destinatario (id bigint generated by default as identity, email varchar(255), id_destinatario varchar(255), usuario varchar(255), primary key (id))
2026-07-22T21:25:20.350-03:00  INFO 25348 --- [notificaciones] [           main] j.LocalContainerEntityManagerFactoryBean : Initialized JPA EntityManagerFactory for persistence unit 'default'
2026-07-22T21:25:21.600-03:00  INFO 25348 --- [notificaciones] [           main] a.c.a.n.d.r.DestinatarioRepositoryTest   : Started DestinatarioRepositoryTest in 7.171 seconds (process running for 21.44)
Hibernate: insert into destinatario (email,id_destinatario,usuario,id) values (?,?,?,default)
Hibernate: select d1_0.id,d1_0.email,d1_0.id_destinatario,d1_0.usuario from destinatario d1_0 where d1_0.id_destinatario=?
]]></system-out>
  </testcase>
  <testcase name="guardarYBuscarPorEmail_retornaDestinatario" classname="ar.com.almacen_peliculas.notificaciones.data.repositories.DestinatarioRepositoryTest" time="0.05">
    <system-out><![CDATA[Hibernate: insert into destinatario (email,id_destinatario,usuario,id) values (?,?,?,default)
Hibernate: select d1_0.id,d1_0.email,d1_0.id_destinatario,d1_0.usuario from destinatario d1_0 where d1_0.email=?
]]></system-out>
  </testcase>
</testsuite>